<?xml version="1.0" encoding="UTF-8"?>
<!-- Generated by org.testng.reporters.JUnitReportReporter -->
<testsuite hostname="LAPTOP-L05V6270" failures="0" tests="2" name="test.EGHomePageTest" time="51.405" errors="0" timestamp="2022-01-31T18:08:59 IST" skipped="0">
  <testcase classname="test.EGHomePageTest" name="kerEGLogoTest" time="28.362"/>
  <system-out/>
  <testcase classname="test.EGHomePageTest" name="kerEGTitleTest" time="23.043"/>
  <system-out/>
</testsuite> <!-- test.EGHomePageTest -->
