<?xml version="1.0" encoding="UTF-8"?>
<!-- Generated by org.testng.reporters.JUnitReportReporter -->
<testsuite hostname="LAPTOP-L05V6270" failures="0" tests="2" name="utils.ExcelDataProvider" time="0.008" errors="0" timestamp="2022-04-03T10:27:45 IST" skipped="0">
  <testcase classname="utils.ExcelDataProvider" name="test1" time="0.007"/>
  <system-out/>
  <testcase classname="utils.ExcelDataProvider" name="test1" time="0.001"/>
  <system-out/>
</testsuite> <!-- utils.ExcelDataProvider -->
